<?xml version="1.0" encoding="UTF-8"?>
<!-- Generated by org.testng.reporters.JUnitXMLReporter -->
<testsuite hostname="Vrushali-PC" ignored="0" name="Command line test" tests="2" failures="0" timestamp="18 Apr 2018 12:03:29 GMT" time="1.825" errors="0">
  <testcase name="doLoginTest" time="0.016" classname="com.qtpselenium.zoho.project.testcases.LoginTest">
    <skipped/>
  </testcase> <!-- doLoginTest -->
  <testcase name="doLoginTest" time="0.0" classname="com.qtpselenium.zoho.project.testcases.LoginTest">
    <skipped/>
  </testcase> <!-- doLoginTest -->
</testsuite> <!-- Command line test -->
