<?xml version="1.0" encoding="UTF-8"?>
<!-- Generated by org.testng.reporters.JUnitXMLReporter -->
<testsuite hostname="Vrushali-PC" ignored="0" name="LoginTest" tests="2" failures="0" timestamp="02 May 2018 16:38:41 GMT" time="2.0" errors="0">
  <testcase name="doLoginTest" time="0.006" classname="com.qtpselenium.zoho.project.testcases.LoginTest">
    <skipped/>
  </testcase> <!-- doLoginTest -->
  <testcase name="doLoginTest" time="0.001" classname="com.qtpselenium.zoho.project.testcases.LoginTest">
    <skipped/>
  </testcase> <!-- doLoginTest -->
</testsuite> <!-- LoginTest -->
